# JRE version: Java(TM) SE Runtime Environment (13.0.2+8) (build 13.0.2+8)
# Java VM: Java HotSpot(TM) 64-Bit Server VM (13.0.2+8, mixed mode, sharing, tiered, compressed oops, g1 gc, windows-amd64)
Heap:
 garbage-first heap   total 84992K, used 28941K [0x0000000086600000, 0x0000000100000000)
  region size 1024K, 4 young (4096K), 4 survivors (4096K)
 Metaspace       used 56884K, capacity 58581K, committed 58832K, reserved 1099776K
  class space    used 7479K, capacity 8148K, committed 8188K, reserved 1048576K
GC Heap History (20 events):
Event: 10.277 GC heap before
{Heap before GC invocations=16 (full 0):
 garbage-first heap   total 48128K, used 21917K [0x0000000086600000, 0x0000000100000000)
  region size 1024K, 7 young (7168K), 2 survivors (2048K)
 Metaspace       used 34738K, capacity 35870K, committed 36048K, reserved 1081344K
  class space    used 4564K, capacity 5002K, committed 5116K, reserved 1048576K
}
Event: 10.283 GC heap after
{Heap after GC invocations=17 (full 0):
 garbage-first heap   total 48128K, used 17980K [0x0000000086600000, 0x0000000100000000)
  region size 1024K, 1 young (1024K), 1 survivors (1024K)
 Metaspace       used 34738K, capacity 35870K, committed 36048K, reserved 1081344K
  class space    used 4564K, capacity 5002K, committed 5116K, reserved 1048576K
}
Event: 10.663 GC heap before
{Heap before GC invocations=18 (full 0):
 garbage-first heap   total 48128K, used 31292K [0x0000000086600000, 0x0000000100000000)
  region size 1024K, 14 young (14336K), 1 survivors (1024K)
 Metaspace       used 37430K, capacity 38681K, committed 38864K, reserved 1083392K
  class space    used 4880K, capacity 5342K, committed 5372K, reserved 1048576K
}
Event: 10.669 GC heap after
{Heap after GC invocations=19 (full 0):
 garbage-first heap   total 58368K, used 19735K [0x0000000086600000, 0x0000000100000000)
  region size 1024K, 2 young (2048K), 2 survivors (2048K)
 Metaspace       used 37430K, capacity 38681K, committed 38864K, reserved 1083392K
  class space    used 4880K, capacity 5342K, committed 5372K, reserved 1048576K
}
Event: 11.441 GC heap before
{Heap before GC invocations=20 (full 0):
 garbage-first heap   total 58368K, used 37143K [0x0000000086600000, 0x0000000100000000)
  region size 1024K, 19 young (19456K), 2 survivors (2048K)
 Metaspace       used 40951K, capacity 42241K, committed 42448K, reserved 1085440K
  class space    used 5317K, capacity 5802K, committed 5884K, reserved 1048576K
}
Event: 11.447 GC heap after
{Heap after GC invocations=21 (full 0):
 garbage-first heap   total 58368K, used 21297K [0x0000000086600000, 0x0000000100000000)
  region size 1024K, 3 young (3072K), 3 survivors (3072K)
 Metaspace       used 40951K, capacity 42241K, committed 42448K, reserved 1085440K
  class space    used 5317K, capacity 5802K, committed 5884K, reserved 1048576K
}
Event: 12.065 GC heap before
{Heap before GC invocations=21 (full 0):
 garbage-first heap   total 58368K, used 36657K [0x0000000086600000, 0x0000000100000000)
  region size 1024K, 19 young (19456K), 3 survivors (3072K)
 Metaspace       used 44421K, capacity 45642K, committed 45776K, reserved 1089536K
  class space    used 5881K, capacity 6358K, committed 6396K, reserved 1048576K
}
Event: 12.071 GC heap after
{Heap after GC invocations=22 (full 0):
 garbage-first heap   total 58368K, used 22078K [0x0000000086600000, 0x0000000100000000)
  region size 1024K, 3 young (3072K), 3 survivors (3072K)
 Metaspace       used 44421K, capacity 45642K, committed 45776K, reserved 1089536K
  class space    used 5881K, capacity 6358K, committed 6396K, reserved 1048576K
}
Event: 12.580 GC heap before
{Heap before GC invocations=22 (full 0):
 garbage-first heap   total 58368K, used 38462K [0x0000000086600000, 0x0000000100000000)
  region size 1024K, 19 young (19456K), 3 survivors (3072K)
 Metaspace       used 46559K, capacity 47828K, committed 47952K, reserved 1091584K
  class space    used 6177K, capacity 6661K, committed 6780K, reserved 1048576K
}
Event: 12.586 GC heap after
{Heap after GC invocations=23 (full 0):
 garbage-first heap   total 58368K, used 22658K [0x0000000086600000, 0x0000000100000000)
  region size 1024K, 2 young (2048K), 2 survivors (2048K)
 Metaspace       used 46559K, capacity 47828K, committed 47952K, reserved 1091584K
  class space    used 6177K, capacity 6661K, committed 6780K, reserved 1048576K
}
Event: 13.461 GC heap before
{Heap before GC invocations=23 (full 0):
 garbage-first heap   total 58368K, used 40066K [0x0000000086600000, 0x0000000100000000)
  region size 1024K, 19 young (19456K), 2 survivors (2048K)
 Metaspace       used 48985K, capacity 50317K, committed 50512K, reserved 1093632K
  class space    used 6469K, capacity 7002K, committed 7036K, reserved 1048576K
}
Event: 13.466 GC heap after
{Heap after GC invocations=24 (full 0):
 garbage-first heap   total 70656K, used 23500K [0x0000000086600000, 0x0000000100000000)
  region size 1024K, 3 young (3072K), 3 survivors (3072K)
 Metaspace       used 48985K, capacity 50317K, committed 50512K, reserved 1093632K
  class space    used 6469K, capacity 7002K, committed 7036K, reserved 1048576K
}
Event: 13.929 GC heap before
{Heap before GC invocations=24 (full 0):
 garbage-first heap   total 70656K, used 46028K [0x0000000086600000, 0x0000000100000000)
  region size 1024K, 25 young (25600K), 3 survivors (3072K)
 Metaspace       used 51006K, capacity 52528K, committed 52688K, reserved 1095680K
  class space    used 6748K, capacity 7351K, committed 7420K, reserved 1048576K
}
Event: 13.935 GC heap after
{Heap after GC invocations=25 (full 0):
 garbage-first heap   total 70656K, used 24387K [0x0000000086600000, 0x0000000100000000)
  region size 1024K, 3 young (3072K), 3 survivors (3072K)
 Metaspace       used 51006K, capacity 52528K, committed 52688K, reserved 1095680K
  class space    used 6748K, capacity 7351K, committed 7420K, reserved 1048576K
}
Event: 14.618 GC heap before
{Heap before GC invocations=25 (full 0):
 garbage-first heap   total 70656K, used 47939K [0x0000000086600000, 0x0000000100000000)
  region size 1024K, 26 young (26624K), 3 survivors (3072K)
 Metaspace       used 52016K, capacity 53555K, committed 53840K, reserved 1095680K
  class space    used 6870K, capacity 7473K, committed 7548K, reserved 1048576K
}
Event: 14.625 GC heap after
{Heap after GC invocations=26 (full 0):
 garbage-first heap   total 70656K, used 25677K [0x0000000086600000, 0x0000000100000000)
  region size 1024K, 4 young (4096K), 4 survivors (4096K)
 Metaspace       used 52016K, capacity 53555K, committed 53840K, reserved 1095680K
  class space    used 6870K, capacity 7473K, committed 7548K, reserved 1048576K
}
Event: 14.995 GC heap before
{Heap before GC invocations=26 (full 0):
 garbage-first heap   total 70656K, used 49229K [0x0000000086600000, 0x0000000100000000)
  region size 1024K, 27 young (27648K), 4 survivors (4096K)
 Metaspace       used 52981K, capacity 54466K, committed 54736K, reserved 1095680K
  class space    used 6962K, capacity 7554K, committed 7676K, reserved 1048576K
}
Event: 15.002 GC heap after
{Heap after GC invocations=27 (full 0):
 garbage-first heap   total 70656K, used 26551K [0x0000000086600000, 0x0000000100000000)
  region size 1024K, 3 young (3072K), 3 survivors (3072K)
 Metaspace       used 52981K, capacity 54466K, committed 54736K, reserved 1095680K
  class space    used 6962K, capacity 7554K, committed 7676K, reserved 1048576K
}
Event: 15.449 GC heap before
{Heap before GC invocations=27 (full 0):
 garbage-first heap   total 70656K, used 51127K [0x0000000086600000, 0x0000000100000000)
  region size 1024K, 28 young (28672K), 3 survivors (3072K)
 Metaspace       used 54944K, capacity 56554K, committed 56784K, reserved 1097728K
  class space    used 7219K, capacity 7864K, committed 7932K, reserved 1048576K
}
Event: 15.456 GC heap after
{Heap after GC invocations=28 (full 0):
 garbage-first heap   total 70656K, used 27406K [0x0000000086600000, 0x0000000100000000)
  region size 1024K, 3 young (3072K), 3 survivors (3072K)
 Metaspace       used 54944K, capacity 56554K, committed 56784K, reserved 1097728K
  class space    used 7219K, capacity 7864K, committed 7932K, reserved 1048576K
}

